Shopapp/app/build/intermediates/manifest_merge_blame_file/debug/manifest-merger-blame-debug-report.txt
1<?xml version="1.0" encoding="utf-8"?>
2<manifest xmlns:android="http://schemas.android.com/apk/res/android"
3    package="com.tuyuservices.tuyumain"
4    android:versionCode="1"
5    android:versionName="1.0" >
6
7    <uses-sdk
8        android:minSdkVersion="24"
8-->src/main/AndroidManifest.xml
9        android:targetSdkVersion="29" />
9-->src/main/AndroidManifest.xml
10    <!--
11         The ACCESS_COARSE/FINE_LOCATION permissions are not required to use
12         Google Maps Android API v2, but you must specify either coarse or fine
13         location permissions for the 'MyLocation' functionality.
14    -->
15    <uses-permission android:name="android.permission.ACCESS_FINE_LOCATION" />
15-->src/main/AndroidManifest.xml:9:5-79
15-->src/main/AndroidManifest.xml:9:22-76
16
17    <!-- Although the *SdkVersion is captured in gradle build files, this is required for non gradle builds -->
18    <!-- <uses-sdk android:minSdkVersion="14"/> -->
19    <uses-permission android:name="android.permission.ACCESS_NETWORK_STATE" />
19-->[com.google.firebase:firebase-database:19.2.1] AndroidManifest.xml:25:5-79
19-->[com.google.firebase:firebase-database:19.2.1] AndroidManifest.xml:25:22-76
20    <uses-permission android:name="android.permission.INTERNET" />
20-->[com.google.firebase:firebase-database:19.2.1] AndroidManifest.xml:26:5-67
20-->[com.google.firebase:firebase-database:19.2.1] AndroidManifest.xml:26:22-64
21
22    <uses-feature
22-->[com.google.android.gms:play-services-maps:17.0.0] AndroidManifest.xml:26:5-28:35
23        android:glEsVersion="0x00020000"
23-->[com.google.android.gms:play-services-maps:17.0.0] AndroidManifest.xml:27:9-41
24        android:required="true" />
24-->[com.google.android.gms:play-services-maps:17.0.0] AndroidManifest.xml:28:9-32
25
26    <uses-permission android:name="android.permission.WAKE_LOCK" />
26-->[com.google.android.gms:play-services-measurement:17.2.1] AndroidManifest.xml:25:5-68
26-->[com.google.android.gms:play-services-measurement:17.2.1] AndroidManifest.xml:25:22-65
27    <uses-permission android:name="com.google.android.finsky.permission.BIND_GET_INSTALL_REFERRER_SERVICE" /> <!-- Required by older versions of Google Play services to create IID tokens -->
27-->[com.google.android.gms:play-services-measurement:17.2.1] AndroidManifest.xml:26:5-110
27-->[com.google.android.gms:play-services-measurement:17.2.1] AndroidManifest.xml:26:22-107
28    <uses-permission android:name="com.google.android.c2dm.permission.RECEIVE" />
28-->[com.google.firebase:firebase-iid:19.0.0] AndroidManifest.xml:26:5-82
28-->[com.google.firebase:firebase-iid:19.0.0] AndroidManifest.xml:26:22-79
29
30    <application
30-->src/main/AndroidManifest.xml:11:5-46:19
31        android:allowBackup="true"
31-->src/main/AndroidManifest.xml:12:9-35
32        android:appComponentFactory="androidx.core.app.CoreComponentFactory"
32-->[androidx.core:core:1.1.0] AndroidManifest.xml:24:18-86
33        android:debuggable="true"
34        android:icon="@mipmap/ic_launcher"
34-->src/main/AndroidManifest.xml:13:9-43
35        android:label="@string/app_name"
35-->src/main/AndroidManifest.xml:14:9-41
36        android:roundIcon="@mipmap/ic_launcher_round"
36-->src/main/AndroidManifest.xml:15:9-54
37        android:supportsRtl="true"
37-->src/main/AndroidManifest.xml:16:9-35
38        android:theme="@style/AppTheme" >
38-->src/main/AndroidManifest.xml:17:9-40
39        <activity android:name="com.tuyuservices.tuyumain.AssignActivity" />
39-->src/main/AndroidManifest.xml:18:9-61
39-->src/main/AndroidManifest.xml:18:19-49
40        <!--
41             The API key for Google Maps-based APIs is defined as a string resource.
42             (See the file "res/values/google_maps_api.xml").
43             Note that the API key is linked to the encryption key used to sign the APK.
44             You need a different API key for each encryption key, including the release key that is used to
45             sign the APK for publishing.
46             You can define the keys for the debug and release targets in src/debug/ and src/release/.
47        -->
48        <meta-data
48-->src/main/AndroidManifest.xml:27:9-29:55
49            android:name="com.google.android.geo.API_KEY"
49-->src/main/AndroidManifest.xml:28:13-58
50            android:value="@string/google_maps_key" />
50-->src/main/AndroidManifest.xml:29:13-52
51
52        <activity
52-->src/main/AndroidManifest.xml:31:9-33:59
53            android:name="com.tuyuservices.tuyumain.MapsActivity"
53-->src/main/AndroidManifest.xml:32:13-41
54            android:label="@string/title_activity_maps" />
54-->src/main/AndroidManifest.xml:33:13-56
55        <activity android:name="com.tuyuservices.tuyumain.PartnerActivity" />
55-->src/main/AndroidManifest.xml:34:9-53
55-->src/main/AndroidManifest.xml:34:19-50
56        <activity android:name="com.tuyuservices.tuyumain.OrdersActivity" />
56-->src/main/AndroidManifest.xml:35:9-52
56-->src/main/AndroidManifest.xml:35:19-49
57        <activity android:name="com.tuyuservices.tuyumain.Register" />
57-->src/main/AndroidManifest.xml:36:9-46
57-->src/main/AndroidManifest.xml:36:19-43
58        <activity android:name="com.tuyuservices.tuyumain.Otp" />
58-->src/main/AndroidManifest.xml:37:9-41
58-->src/main/AndroidManifest.xml:37:19-38
59        <activity android:name="com.tuyuservices.tuyumain.details" />
59-->src/main/AndroidManifest.xml:38:9-45
59-->src/main/AndroidManifest.xml:38:19-42
60        <activity android:name="com.tuyuservices.tuyumain.SplashActivity" >
60-->src/main/AndroidManifest.xml:39:9-45:20
60-->src/main/AndroidManifest.xml:39:19-49
61            <intent-filter>
61-->src/main/AndroidManifest.xml:40:13-44:29
62                <action android:name="android.intent.action.MAIN" />
62-->src/main/AndroidManifest.xml:41:17-69
62-->src/main/AndroidManifest.xml:41:25-66
63
64                <category android:name="android.intent.category.LAUNCHER" />
64-->src/main/AndroidManifest.xml:43:17-77
64-->src/main/AndroidManifest.xml:43:27-74
65            </intent-filter>
66        </activity>
67
68        <service
68-->[com.google.firebase:firebase-database:19.2.1] AndroidManifest.xml:29:9-35:19
69            android:name="com.google.firebase.components.ComponentDiscoveryService"
69-->[com.google.firebase:firebase-database:19.2.1] AndroidManifest.xml:30:13-84
70            android:directBootAware="true"
70-->[com.google.firebase:firebase-common:19.3.0] AndroidManifest.xml:34:13-43
71            android:exported="false" >
71-->[com.google.firebase:firebase-database:19.2.1] AndroidManifest.xml:31:13-37
72            <meta-data
72-->[com.google.firebase:firebase-database:19.2.1] AndroidManifest.xml:32:13-34:85
73                android:name="com.google.firebase.components:com.google.firebase.database.DatabaseRegistrar"
73-->[com.google.firebase:firebase-database:19.2.1] AndroidManifest.xml:33:17-109
74                android:value="com.google.firebase.components.ComponentRegistrar" />
74-->[com.google.firebase:firebase-database:19.2.1] AndroidManifest.xml:34:17-82
75            <meta-data
75-->[com.google.firebase:firebase-auth:19.3.0] AndroidManifest.xml:36:13-38:85
76                android:name="com.google.firebase.components:com.google.firebase.auth.FirebaseAuthRegistrar"
76-->[com.google.firebase:firebase-auth:19.3.0] AndroidManifest.xml:37:17-109
77                android:value="com.google.firebase.components.ComponentRegistrar" />
77-->[com.google.firebase:firebase-auth:19.3.0] AndroidManifest.xml:38:17-82
78            <meta-data
78-->[com.google.android.gms:play-services-measurement-api:17.2.1] AndroidManifest.xml:30:13-32:85
79                android:name="com.google.firebase.components:com.google.firebase.analytics.connector.internal.AnalyticsConnectorRegistrar"
79-->[com.google.android.gms:play-services-measurement-api:17.2.1] AndroidManifest.xml:31:17-139
80                android:value="com.google.firebase.components.ComponentRegistrar" />
80-->[com.google.android.gms:play-services-measurement-api:17.2.1] AndroidManifest.xml:32:17-82
81            <meta-data
81-->[com.google.firebase:firebase-iid:19.0.0] AndroidManifest.xml:32:13-34:85
82                android:name="com.google.firebase.components:com.google.firebase.iid.Registrar"
82-->[com.google.firebase:firebase-iid:19.0.0] AndroidManifest.xml:33:17-96
83                android:value="com.google.firebase.components.ComponentRegistrar" />
83-->[com.google.firebase:firebase-iid:19.0.0] AndroidManifest.xml:34:17-82
84        </service> <!-- Needs to be explicitly declared on P+ -->
85        <uses-library
85-->[com.google.android.gms:play-services-maps:17.0.0] AndroidManifest.xml:33:9-35:40
86            android:name="org.apache.http.legacy"
86-->[com.google.android.gms:play-services-maps:17.0.0] AndroidManifest.xml:34:13-50
87            android:required="false" />
87-->[com.google.android.gms:play-services-maps:17.0.0] AndroidManifest.xml:35:13-37
88
89        <activity
89-->[com.google.firebase:firebase-auth:19.3.0] AndroidManifest.xml:24:9-31:50
90            android:name="com.google.firebase.auth.internal.FederatedSignInActivity"
90-->[com.google.firebase:firebase-auth:19.3.0] AndroidManifest.xml:25:13-85
91            android:excludeFromRecents="true"
91-->[com.google.firebase:firebase-auth:19.3.0] AndroidManifest.xml:26:13-46
92            android:exported="true"
92-->[com.google.firebase:firebase-auth:19.3.0] AndroidManifest.xml:27:13-36
93            android:launchMode="singleTask"
93-->[com.google.firebase:firebase-auth:19.3.0] AndroidManifest.xml:28:13-44
94            android:permission="com.google.firebase.auth.api.gms.permission.LAUNCH_FEDERATED_SIGN_IN"
94-->[com.google.firebase:firebase-auth:19.3.0] AndroidManifest.xml:29:13-102
95            android:theme="@android:style/Theme.Translucent.NoTitleBar" />
95-->[com.google.firebase:firebase-auth:19.3.0] AndroidManifest.xml:30:13-72
96
97        <receiver
97-->[com.google.android.gms:play-services-measurement:17.2.1] AndroidManifest.xml:29:9-33:20
98            android:name="com.google.android.gms.measurement.AppMeasurementReceiver"
98-->[com.google.android.gms:play-services-measurement:17.2.1] AndroidManifest.xml:30:13-85
99            android:enabled="true"
99-->[com.google.android.gms:play-services-measurement:17.2.1] AndroidManifest.xml:31:13-35
100            android:exported="false" >
100-->[com.google.android.gms:play-services-measurement:17.2.1] AndroidManifest.xml:32:13-37
101        </receiver>
102        <receiver
102-->[com.google.android.gms:play-services-measurement:17.2.1] AndroidManifest.xml:34:9-42:20
103            android:name="com.google.android.gms.measurement.AppMeasurementInstallReferrerReceiver"
103-->[com.google.android.gms:play-services-measurement:17.2.1] AndroidManifest.xml:35:13-100
104            android:enabled="true"
104-->[com.google.android.gms:play-services-measurement:17.2.1] AndroidManifest.xml:36:13-35
105            android:exported="true"
105-->[com.google.android.gms:play-services-measurement:17.2.1] AndroidManifest.xml:37:13-36
106            android:permission="android.permission.INSTALL_PACKAGES" >
106-->[com.google.android.gms:play-services-measurement:17.2.1] AndroidManifest.xml:38:13-69
107            <intent-filter>
107-->[com.google.android.gms:play-services-measurement:17.2.1] AndroidManifest.xml:39:13-41:29
108                <action android:name="com.android.vending.INSTALL_REFERRER" />
108-->[com.google.android.gms:play-services-measurement:17.2.1] AndroidManifest.xml:40:17-79
108-->[com.google.android.gms:play-services-measurement:17.2.1] AndroidManifest.xml:40:25-76
109            </intent-filter>
110        </receiver>
111
112        <service
112-->[com.google.android.gms:play-services-measurement:17.2.1] AndroidManifest.xml:44:9-47:40
113            android:name="com.google.android.gms.measurement.AppMeasurementService"
113-->[com.google.android.gms:play-services-measurement:17.2.1] AndroidManifest.xml:45:13-84
114            android:enabled="true"
114-->[com.google.android.gms:play-services-measurement:17.2.1] AndroidManifest.xml:46:13-35
115            android:exported="false" />
115-->[com.google.android.gms:play-services-measurement:17.2.1] AndroidManifest.xml:47:13-37
116        <service
116-->[com.google.android.gms:play-services-measurement:17.2.1] AndroidManifest.xml:48:9-52:72
117            android:name="com.google.android.gms.measurement.AppMeasurementJobService"
117-->[com.google.android.gms:play-services-measurement:17.2.1] AndroidManifest.xml:49:13-87
118            android:enabled="true"
118-->[com.google.android.gms:play-services-measurement:17.2.1] AndroidManifest.xml:50:13-35
119            android:exported="false"
119-->[com.google.android.gms:play-services-measurement:17.2.1] AndroidManifest.xml:51:13-37
120            android:permission="android.permission.BIND_JOB_SERVICE" />
120-->[com.google.android.gms:play-services-measurement:17.2.1] AndroidManifest.xml:52:13-69
121
122        <receiver
122-->[com.google.firebase:firebase-iid:19.0.0] AndroidManifest.xml:37:9-44:20
123            android:name="com.google.firebase.iid.FirebaseInstanceIdReceiver"
123-->[com.google.firebase:firebase-iid:19.0.0] AndroidManifest.xml:38:13-78
124            android:exported="true"
124-->[com.google.firebase:firebase-iid:19.0.0] AndroidManifest.xml:39:13-36
125            android:permission="com.google.android.c2dm.permission.SEND" >
125-->[com.google.firebase:firebase-iid:19.0.0] AndroidManifest.xml:40:13-73
126            <intent-filter>
126-->[com.google.firebase:firebase-iid:19.0.0] AndroidManifest.xml:41:13-43:29
127                <action android:name="com.google.android.c2dm.intent.RECEIVE" />
127-->[com.google.firebase:firebase-iid:19.0.0] AndroidManifest.xml:42:17-81
127-->[com.google.firebase:firebase-iid:19.0.0] AndroidManifest.xml:42:25-78
128            </intent-filter>
129        </receiver>
130
131        <provider
131-->[com.google.firebase:firebase-common:19.3.0] AndroidManifest.xml:26:9-30:39
132            android:name="com.google.firebase.provider.FirebaseInitProvider"
132-->[com.google.firebase:firebase-common:19.3.0] AndroidManifest.xml:27:13-77
133            android:authorities="com.tuyuservices.tuyumain.firebaseinitprovider"
133-->[com.google.firebase:firebase-common:19.3.0] AndroidManifest.xml:28:13-72
134            android:exported="false"
134-->[com.google.firebase:firebase-common:19.3.0] AndroidManifest.xml:29:13-37
135            android:initOrder="100" />
135-->[com.google.firebase:firebase-common:19.3.0] AndroidManifest.xml:30:13-36
136
137        <activity
137-->[com.google.android.gms:play-services-base:17.1.0] AndroidManifest.xml:23:9-26:75
138            android:name="com.google.android.gms.common.api.GoogleApiActivity"
138-->[com.google.android.gms:play-services-base:17.1.0] AndroidManifest.xml:24:13-79
139            android:exported="false"
139-->[com.google.android.gms:play-services-base:17.1.0] AndroidManifest.xml:25:13-37
140            android:theme="@android:style/Theme.Translucent.NoTitleBar" />
140-->[com.google.android.gms:play-services-base:17.1.0] AndroidManifest.xml:26:13-72
141
142        <meta-data
142-->[com.google.android.gms:play-services-basement:17.0.0] AndroidManifest.xml:23:9-25:69
143            android:name="com.google.android.gms.version"
143-->[com.google.android.gms:play-services-basement:17.0.0] AndroidManifest.xml:24:13-58
144            android:value="@integer/google_play_services_version" />
144-->[com.google.android.gms:play-services-basement:17.0.0] AndroidManifest.xml:25:13-66
145    </application>
146
147</manifest>